TN:
SF:src\lang\index.js
FNF:0
FNH:0
DA:1,1
DA:2,1
DA:3,1
DA:4,1
DA:5,1
DA:6,1
DA:7,1
LF:7
LH:7
BRF:0
BRH:0
end_of_record
TN:
SF:src\models\PeopleRequestParams.js
FN:4,PeopleRequestParams
FN:10,validate
FNF:2
FNH:2
FNDA:6,PeopleRequestParams
FNDA:6,validate
DA:1,1
DA:2,1
DA:3,1
DA:4,1
DA:5,6
DA:6,6
DA:7,6
DA:8,6
DA:9,1
DA:10,1
DA:11,6
DA:12,6
DA:13,6
DA:14,6
DA:15,6
DA:16,6
DA:17,6
DA:18,6
DA:19,1
DA:20,1
DA:21,1
LF:21
LH:21
BRDA:4,0,0,6
BRDA:10,1,0,6
BRF:2
BRH:2
end_of_record
TN:
SF:src\shared\CustomErrors.js
FN:2,ApplicationError
FN:9,ValidationError
FNF:2
FNH:2
FNDA:2,ApplicationError
FNDA:2,ValidationError
DA:1,1
DA:2,1
DA:3,2
DA:4,2
DA:5,2
DA:6,1
DA:7,1
DA:8,1
DA:9,1
DA:10,2
DA:11,2
DA:12,2
DA:13,1
DA:14,1
DA:15,1
DA:16,1
DA:17,1
LF:17
LH:17
BRDA:2,0,0,2
BRDA:9,1,0,2
BRF:2
BRH:2
end_of_record
TN:
SF:src\shared\constants.js
FNF:0
FNH:0
DA:1,1
DA:2,1
DA:3,1
DA:4,1
DA:5,1
DA:6,1
DA:7,1
DA:8,1
DA:9,1
DA:10,1
DA:11,1
DA:12,1
DA:13,1
DA:14,1
DA:15,1
DA:16,1
DA:17,1
DA:18,1
DA:19,1
DA:20,1
DA:21,1
DA:22,1
DA:23,1
LF:23
LH:23
BRF:0
BRH:0
end_of_record
TN:
SF:src\shared\helpers.js
FN:7,get
FN:20,languagePicker
FN:32,translate
FNF:3
FNH:2
FNDA:0,get
FNDA:6,languagePicker
FNDA:3,translate
DA:1,1
DA:2,1
DA:3,1
DA:4,1
DA:5,1
DA:6,1
DA:7,1
DA:8,0
DA:9,0
DA:10,0
DA:11,0
DA:12,0
DA:13,0
DA:14,0
DA:15,0
DA:16,0
DA:17,0
DA:18,1
DA:19,1
DA:20,6
DA:21,6
DA:22,6
DA:23,4
DA:24,4
DA:25,6
DA:26,6
DA:27,6
DA:28,6
DA:29,6
DA:30,6
DA:31,1
DA:32,3
DA:33,3
DA:34,1
DA:35,1
DA:36,3
DA:37,16
DA:38,1
DA:39,1
DA:40,1
DA:41,1
DA:42,16
DA:43,1
DA:44,1
DA:45,1
DA:46,1
DA:47,1
DA:48,1
DA:49,1
DA:50,1
LF:50
LH:40
BRDA:20,0,0,6
BRDA:21,1,0,2
BRDA:22,2,0,2
BRDA:22,3,0,4
BRDA:25,4,0,2
BRDA:27,5,0,2
BRDA:32,6,0,3
BRDA:33,7,0,2
BRDA:33,8,0,1
BRDA:36,9,0,16
BRDA:37,10,0,15
BRDA:38,11,0,4
BRDA:38,12,0,11
BRDA:37,13,0,1
BRDA:40,14,0,0
BRDA:43,15,0,1
BRF:16
BRH:15
end_of_record
